<?xml version="1.0" encoding="UTF-8"?>
<!-- Generated by org.testng.reporters.JUnitReportReporter -->
<testsuite skipped="0" hostname="Gubbi-PC" name="com.goavega.test.TestScripts.HomePageTest" tests="1" failures="0" timestamp="2020-08-29T15:31:24 IST" time="32.680" errors="0">
  <testcase name="HomePageTest" time="32.680" classname="com.goavega.test.TestScripts.HomePageTest"/>
  <system-out>
Home Page : is Displayed actual is Title Learn-Wise expected is TitleLearn-Wise  </system-out>
</testsuite> <!-- com.goavega.test.TestScripts.HomePageTest -->
