<?xml version="1.0" encoding="UTF-8"?>
<!-- Generated by org.testng.reporters.JUnitReportReporter -->
<testsuite skipped="0" hostname="Gubbi-PC" name="com.goavega.test.TestScripts.LoginPageTest" tests="1" failures="0" timestamp="2020-08-29T14:21:59 IST" time="21.451" errors="0">
  <testcase name="LoginPageTest" time="21.451" classname="com.goavega.test.TestScripts.LoginPageTest"/>
  <system-out/>
</testsuite> <!-- com.goavega.test.TestScripts.LoginPageTest -->
